<?xml version="1.0" encoding="UTF-8"?>
<!-- Generated by org.testng.reporters.JUnitXMLReporter -->
<testsuite ignored="3" hostname="DESKTOP-GEMJ2VE" failures="0" tests="4" name="Test" time="0.103" errors="0" timestamp="2023-01-24T22:47:16 IST">
  <testcase classname="TestNGPack.Test1" name="test2" time="0.013"/>
  <testcase classname="TestNGPack.Test2" name="testD" time="0.002"/>
  <testcase classname="TestNGPack.Test2" name="testA" time="0.003"/>
  <testcase classname="TestNGPack.Test2" name="testC" time="0.003"/>
  <testcase classname="TestNGPack.Test1" name="test1" time="0.0">
    <ignored/>
  </testcase> <!-- test1 -->
  <testcase classname="TestNGPack.Test2" name="testE" time="0.0">
    <ignored/>
  </testcase> <!-- testE -->
  <testcase classname="TestNGPack.Test2" name="testB" time="0.0">
    <ignored/>
  </testcase> <!-- testB -->
</testsuite> <!-- Test -->
