<?xml version="1.0" encoding="UTF-8"?>
<!-- Generated by org.testng.reporters.JUnitXMLReporter -->
<testsuite ignored="2" hostname="DESKTOP-GEMJ2VE" failures="0" tests="1" name="Default test(failed)(failed)" time="11.723" errors="0" timestamp="2023-02-13T01:01:01 IST">
  <testcase classname="TestNGPack.TestCase12" name="VerifySignUpPageFunctionality" time="6.931"/>
  <testcase classname="TestNGPack.TestCase12" name="VerifyForgotPasswordFunctionality" time="0.0">
    <ignored/>
  </testcase> <!-- VerifyForgotPasswordFunctionality -->
  <testcase classname="TestNGPack.TestCase12" name="VerifyLoginFunctionality" time="0.0">
    <ignored/>
  </testcase> <!-- VerifyLoginFunctionality -->
</testsuite> <!-- Default test(failed)(failed) -->
